mode: count
studio_api_project/main/repositories/booking_memory.go:18.37,33.70 4 4
studio_api_project/main/repositories/booking_memory.go:33.70,35.3 1 3
studio_api_project/main/repositories/booking_memory.go:36.2,36.70 1 4
studio_api_project/main/repositories/booking_memory.go:36.70,38.3 1 3
studio_api_project/main/repositories/booking_memory.go:41.37,45.33 2 2
studio_api_project/main/repositories/booking_memory.go:45.33,47.3 1 2
studio_api_project/main/repositories/booking_memory.go:49.2,49.21 1 2
studio_api_project/main/repositories/booking_memory.go:52.44,54.48 2 2
studio_api_project/main/repositories/booking_memory.go:54.48,56.3 1 1
studio_api_project/main/repositories/booking_memory.go:58.2,58.12 1 1
studio_api_project/main/repositories/booking_memory.go:61.60,63.78 1 2
studio_api_project/main/repositories/booking_memory.go:63.78,65.3 1 1
studio_api_project/main/repositories/booking_memory.go:68.2,77.66 6 1
studio_api_project/main/repositories/booking_memory.go:77.66,79.3 1 1
studio_api_project/main/repositories/booking_memory.go:82.2,82.17 1 1
studio_api_project/main/repositories/booking_memory.go:85.37,87.42 2 5
studio_api_project/main/repositories/booking_memory.go:87.42,89.75 1 4
studio_api_project/main/repositories/booking_memory.go:89.75,91.4 1 4
studio_api_project/main/repositories/booking_memory.go:93.3,94.13 2 4
studio_api_project/main/repositories/booking_memory.go:97.2,97.40 1 1
studio_api_project/main/repositories/booking_memory.go:100.86,102.85 1 4
studio_api_project/main/repositories/booking_memory.go:102.85,104.3 1 1
studio_api_project/main/repositories/booking_memory.go:107.2,107.54 1 3
studio_api_project/main/repositories/booking_memory.go:107.54,110.70 2 2
studio_api_project/main/repositories/booking_memory.go:110.70,112.4 1 2
studio_api_project/main/repositories/booking_memory.go:114.3,114.74 1 2
studio_api_project/main/repositories/booking_memory.go:114.74,116.4 1 2
studio_api_project/main/repositories/booking_memory.go:118.3,119.29 2 2
studio_api_project/main/repositories/booking_memory.go:123.2,123.45 1 1
studio_api_project/main/repositories/booking_memory.go:126.22,130.2 2 1
studio_api_project/main/repositories/class_memory.go:18.36,37.2 4 4
studio_api_project/main/repositories/class_memory.go:39.34,41.2 1 2
studio_api_project/main/repositories/class_memory.go:43.40,44.40 1 2
studio_api_project/main/repositories/class_memory.go:44.40,45.35 1 2
studio_api_project/main/repositories/class_memory.go:45.35,47.4 1 1
studio_api_project/main/repositories/class_memory.go:49.2,49.12 1 1
studio_api_project/main/repositories/class_memory.go:52.52,64.2 6 1
studio_api_project/main/repositories/class_memory.go:66.35,70.22 3 3
studio_api_project/main/repositories/class_memory.go:70.22,72.3 1 2
studio_api_project/main/repositories/class_memory.go:72.8,74.3 1 1
studio_api_project/main/repositories/class_memory.go:77.78,80.28 2 2
studio_api_project/main/repositories/class_memory.go:80.28,82.3 1 1
studio_api_project/main/repositories/class_memory.go:83.2,84.26 2 1
studio_api_project/main/repositories/class_memory.go:87.21,91.2 2 1
studio_api_project/main/repositories/class_memory.go:100.71,103.40 3 4
studio_api_project/main/repositories/class_memory.go:103.40,105.44 1 9
studio_api_project/main/repositories/class_memory.go:105.44,107.88 1 8
studio_api_project/main/repositories/class_memory.go:107.88,110.5 2 3
studio_api_project/main/repositories/class_memory.go:114.2,114.12 1 1
studio_api_project/main/repositories/classes_structure.go:15.46,17.2 1 18
studio_api_project/main/repositories/classes_structure.go:19.55,21.56 1 22
studio_api_project/main/repositories/classes_structure.go:21.56,23.3 1 6
studio_api_project/main/repositories/classes_structure.go:26.2,26.95 1 22
studio_api_project/main/repositories/classes_structure.go:29.53,31.34 1 5
studio_api_project/main/repositories/classes_structure.go:31.34,32.26 1 4
studio_api_project/main/repositories/classes_structure.go:32.26,34.45 1 3
studio_api_project/main/repositories/classes_structure.go:34.45,36.5 1 2
studio_api_project/main/repositories/classes_structure.go:37.4,38.15 2 3
studio_api_project/main/repositories/classes_structure.go:43.2,43.14 1 2
studio_api_project/main/repositories/classes_structure.go:46.63,48.56 1 23
studio_api_project/main/repositories/classes_structure.go:48.56,50.3 1 33
studio_api_project/main/repositories/classes_structure.go:53.2,53.85 1 23
studio_api_project/main/repositories/classes_structure.go:53.85,55.3 1 19
studio_api_project/main/repositories/classes_structure.go:58.2,58.12 1 4
studio_api_project/main/models/class.go:17.97,26.2 1 1
studio_api_project/main/models/daily_date.go:10.53,14.2 3 1
studio_api_project/main/models/daily_date.go:16.57,19.16 2 3
studio_api_project/main/models/daily_date.go:19.16,21.3 1 1
studio_api_project/main/models/daily_date.go:24.2,25.16 2 2
studio_api_project/main/models/daily_date.go:25.16,27.3 1 1
studio_api_project/main/models/daily_date.go:30.2,32.12 2 1
studio_api_project/main/models/daily_date.go:35.51,37.2 1 3
studio_api_project/main/models/daily_date.go:39.37,41.2 1 1
studio_api_project/main/api/booking_api.go:14.43,20.2 5 1
studio_api_project/main/api/booking_api.go:22.34,24.2 1 2
studio_api_project/main/api/booking_api.go:26.33,28.60 2 2
studio_api_project/main/api/booking_api.go:28.60,30.3 1 1
studio_api_project/main/api/booking_api.go:30.8,32.3 1 1
studio_api_project/main/api/booking_api.go:35.36,37.51 2 7
studio_api_project/main/api/booking_api.go:37.51,40.3 2 4
studio_api_project/main/api/booking_api.go:43.2,44.27 2 3
studio_api_project/main/api/booking_api.go:44.27,47.3 2 1
studio_api_project/main/api/booking_api.go:49.2,49.44 1 2
studio_api_project/main/api/booking_api.go:52.36,54.55 2 2
studio_api_project/main/api/booking_api.go:54.55,56.3 1 1
studio_api_project/main/api/booking_api.go:56.8,58.3 1 1
studio_api_project/main/api/booking_api.go:61.36,67.20 3 5
studio_api_project/main/api/booking_api.go:67.20,70.3 2 1
studio_api_project/main/api/booking_api.go:73.2,73.51 1 4
studio_api_project/main/api/booking_api.go:73.51,76.3 2 1
studio_api_project/main/api/booking_api.go:79.2,79.45 1 3
studio_api_project/main/api/booking_api.go:79.45,82.3 2 1
studio_api_project/main/api/booking_api.go:85.2,86.16 2 2
studio_api_project/main/api/booking_api.go:86.16,89.3 2 1
studio_api_project/main/api/booking_api.go:91.2,91.39 1 1
studio_api_project/main/api/class_api.go:14.42,20.2 5 1
studio_api_project/main/api/class_api.go:22.33,24.2 1 2
studio_api_project/main/api/class_api.go:27.31,29.54 2 2
studio_api_project/main/api/class_api.go:29.54,31.3 1 1
studio_api_project/main/api/class_api.go:31.8,33.3 1 1
studio_api_project/main/api/class_api.go:36.34,40.49 2 8
studio_api_project/main/api/class_api.go:40.49,43.3 2 5
studio_api_project/main/api/class_api.go:46.2,46.71 1 3
studio_api_project/main/api/class_api.go:46.71,49.3 2 1
studio_api_project/main/api/class_api.go:51.2,53.35 2 2
studio_api_project/main/api/class_api.go:57.34,59.53 2 2
studio_api_project/main/api/class_api.go:59.53,61.3 1 1
studio_api_project/main/api/class_api.go:61.8,63.3 1 1
studio_api_project/main/api/class_api.go:66.34,72.18 3 5
studio_api_project/main/api/class_api.go:72.18,75.3 2 1
studio_api_project/main/api/class_api.go:78.2,78.49 1 4
studio_api_project/main/api/class_api.go:78.49,81.3 2 1
studio_api_project/main/api/class_api.go:84.2,84.41 1 3
studio_api_project/main/api/class_api.go:84.41,87.3 2 1
studio_api_project/main/api/class_api.go:90.2,90.73 1 2
studio_api_project/main/api/class_api.go:90.73,93.3 2 1
studio_api_project/main/api/class_api.go:96.2,98.37 2 1
